<?xml version="1.0" encoding="UTF-8"?>
<testsuite xmlns:xsi="http://www.w3.org/2001/XMLSchema-instance" xsi:noNamespaceSchemaLocation="https://maven.apache.org/surefire/maven-surefire-plugin/xsd/surefire-test-report.xsd" version="3.0.2" name="br.com.cachacaria_gomes.gerenciadorweb.cliente.ClienteControllerTest" time="6.122" tests="4" errors="0" skipped="0" failures="3">
  <properties>
[...]
</properties>
  <testcase name="createUser_ShouldReturn409Conflict_WhenUserExists" classname="br.com.cachacaria_gomes.gerenciadorweb.cliente.ClienteControllerTest" time="0.577">
    <failure message="Status expected:&lt;409&gt; but was:&lt;400&gt;" type="java.lang.AssertionError"><![CDATA[java.lang.AssertionError: Status expected:<409> but was:<400>
	at org.springframework.test.util.AssertionErrors.fail(AssertionErrors.java:61)
	at org.springframework.test.util.AssertionErrors.assertEquals(AssertionErrors.java:128)
	at org.springframework.test.web.servlet.result.StatusResultMatchers.lambda$matcher$9(StatusResultMatchers.java:640)
	at org.springframework.test.web.servlet.MockMvc$1.andExpect(MockMvc.java:214)
	at br.com.cachacaria_gomes.gerenciadorweb.cliente.ClienteControllerTest.createUser_ShouldReturn409Conflict_WhenUserExists(ClienteControllerTest.java:80)
	at java.base/java.lang.reflect.Method.invoke(Method.java:580)
	at java.base/java.util.ArrayList.forEach(ArrayList.java:1596)
	at java.base/java.util.ArrayList.forEach(ArrayList.java:1596)
]]></failure>
    <system-out><![CDATA[22:25:46.769 [main] INFO org.springframework.test.context.support.AnnotationConfigContextLoaderUtils -- Could not detect default configuration classes for test class [br.com.cachacaria_gomes.gerenciadorweb.cliente.ClienteControllerTest]: ClienteControllerTest does not declare any static, non-private, non-final, nested classes annotated with @Configuration.
22:25:47.749 [main] INFO org.springframework.boot.test.context.SpringBootTestContextBootstrapper -- Found @SpringBootConfiguration br.com.cachacaria_gomes.gerenciadorweb.GerenciadorwebApplication for test class br.com.cachacaria_gomes.gerenciadorweb.cliente.ClienteControllerTest
22:25:47.952 [main] INFO org.springframework.boot.devtools.restart.RestartApplicationListener -- Restart disabled due to context in which it is running

  .   ____          _            __ _ _
 /\\ / ___'_ __ _ _(_)_ __  __ _ \ \ \ \
( ( )\___ | '_ | '_| | '_ \/ _` | \ \ \ \
 \\/  ___)| |_)| | | | | || (_| |  ) ) ) )
  '  |____| .__|_| |_|_| |_\__, | / / / /
 =========|_|==============|___/=/_/_/_/

 :: Spring Boot ::                (v3.5.6)

2025-10-29T22:25:48.794-03:00  INFO 23680 --- [gerenciadorweb] [           main] b.c.c.g.cliente.ClienteControllerTest    : Starting ClienteControllerTest using Java 21.0.8 with PID 23680 (started by thyal in C:\Users\thyal\Desktop\PROJETO-POO-main\gerenciadorweb)
2025-10-29T22:25:48.797-03:00  INFO 23680 --- [gerenciadorweb] [           main] b.c.c.g.cliente.ClienteControllerTest    : No active profile set, falling back to 1 default profile: "default"
2025-10-29T22:25:51.768-03:00  INFO 23680 --- [gerenciadorweb] [           main] o.s.b.t.m.w.SpringBootMockServletContext : Initializing Spring TestDispatcherServlet ''
2025-10-29T22:25:51.768-03:00  INFO 23680 --- [gerenciadorweb] [           main] o.s.t.web.servlet.TestDispatcherServlet  : Initializing Servlet ''
2025-10-29T22:25:51.774-03:00  INFO 23680 --- [gerenciadorweb] [           main] o.s.t.web.servlet.TestDispatcherServlet  : Completed initialization in 3 ms
2025-10-29T22:25:51.835-03:00  INFO 23680 --- [gerenciadorweb] [           main] b.c.c.g.cliente.ClienteControllerTest    : Started ClienteControllerTest in 3.907 seconds (process running for 7.282)

MockHttpServletRequest:
      HTTP Method = POST
      Request URI = /clientes/
       Parameters = {}
          Headers = [Content-Type:"application/json;charset=UTF-8", Content-Length:"239"]
             Body = {"cpf":"00011122233","nomeCompleto":null,"usuario":"newuser","rua":null,"numero":null,"bairro":null,"cidade":null,"estado":null,"cep":null,"dataNascimento":"1995-10-29","email":null,"senha":"SenhaSegura1","createdAt":null,"role":"CLIENTE"}
    Session Attrs = {}

Handler:
             Type = br.com.cachacaria_gomes.gerenciadorweb.cliente.ClienteController
           Method = br.com.cachacaria_gomes.gerenciadorweb.cliente.ClienteController#createUser(ClienteModel)

Async:
    Async started = false
     Async result = null

Resolved Exception:
             Type = org.springframework.web.bind.MethodArgumentNotValidException

ModelAndView:
        View name = null
             View = null
            Model = null

FlashMap:
       Attributes = null

MockHttpServletResponse:
           Status = 400
    Error message = null
          Headers = [Content-Type:"text/plain;charset=UTF-8", Content-Length:"208"]
     Content type = text/plain;charset=UTF-8
             Body = A rua é obrigatória. O estado é obrigatório. O CEP é obrigatório. O nome completo é obrigatório. O e-mail é obrigatório. O número é obrigatório. O bairro é obrigatório. A cidade é obrigatória
    Forwarded URL = null
   Redirected URL = null
          Cookies = []
]]></system-out>
  </testcase>
  <testcase name="createUser_ShouldReturn400BadRequest_WhenValidationFails" classname="br.com.cachacaria_gomes.gerenciadorweb.cliente.ClienteControllerTest" time="0.029">
    <failure message="Response content expected:&lt;Idade mínima 18 anos&gt; but was:&lt;O bairro é obrigatório. O CEP é obrigatório. A cidade é obrigatória. O e-mail é obrigatório. O estado é obrigatório. O número é obrigatório. A rua é obrigatória. O nome completo é obrigatório&gt;" type="java.lang.AssertionError"><![CDATA[java.lang.AssertionError: Response content expected:<Idade mínima 18 anos> but was:<O bairro é obrigatório. O CEP é obrigatório. A cidade é obrigatória. O e-mail é obrigatório. O estado é obrigatório. O número é obrigatório. A rua é obrigatória. O nome completo é obrigatório>
	at org.springframework.test.util.AssertionErrors.fail(AssertionErrors.java:61)
	at org.springframework.test.util.AssertionErrors.assertEquals(AssertionErrors.java:128)
	at org.springframework.test.web.servlet.result.ContentResultMatchers.lambda$string$4(ContentResultMatchers.java:148)
	at org.springframework.test.web.servlet.MockMvc$1.andExpect(MockMvc.java:214)
	at br.com.cachacaria_gomes.gerenciadorweb.cliente.ClienteControllerTest.createUser_ShouldReturn400BadRequest_WhenValidationFails(ClienteControllerTest.java:99)
	at java.base/java.lang.reflect.Method.invoke(Method.java:580)
	at java.base/java.util.ArrayList.forEach(ArrayList.java:1596)
	at java.base/java.util.ArrayList.forEach(ArrayList.java:1596)
]]></failure>
    <system-out><![CDATA[
MockHttpServletRequest:
      HTTP Method = POST
      Request URI = /clientes/
       Parameters = {}
          Headers = [Content-Type:"application/json;charset=UTF-8", Content-Length:"239"]
             Body = {"cpf":"00011122233","nomeCompleto":null,"usuario":"newuser","rua":null,"numero":null,"bairro":null,"cidade":null,"estado":null,"cep":null,"dataNascimento":"1995-10-29","email":null,"senha":"SenhaSegura1","createdAt":null,"role":"CLIENTE"}
    Session Attrs = {}

Handler:
             Type = br.com.cachacaria_gomes.gerenciadorweb.cliente.ClienteController
           Method = br.com.cachacaria_gomes.gerenciadorweb.cliente.ClienteController#createUser(ClienteModel)

Async:
    Async started = false
     Async result = null

Resolved Exception:
             Type = org.springframework.web.bind.MethodArgumentNotValidException

ModelAndView:
        View name = null
             View = null
            Model = null

FlashMap:
       Attributes = null

MockHttpServletResponse:
           Status = 400
    Error message = null
          Headers = [Content-Type:"text/plain;charset=UTF-8", Content-Length:"208"]
     Content type = text/plain;charset=UTF-8
             Body = O bairro é obrigatório. O CEP é obrigatório. A cidade é obrigatória. O e-mail é obrigatório. O estado é obrigatório. O número é obrigatório. A rua é obrigatória. O nome completo é obrigatório
    Forwarded URL = null
   Redirected URL = null
          Cookies = []
]]></system-out>
  </testcase>
  <testcase name="createUser_ShouldReturn400BadRequest_WhenBeanValidationFails" classname="br.com.cachacaria_gomes.gerenciadorweb.cliente.ClienteControllerTest" time="0.04"/>
  <testcase name="createUser_ShouldReturn201Created" classname="br.com.cachacaria_gomes.gerenciadorweb.cliente.ClienteControllerTest" time="0.028">
    <failure message="Status expected:&lt;201&gt; but was:&lt;400&gt;" type="java.lang.AssertionError"><![CDATA[java.lang.AssertionError: Status expected:<201> but was:<400>
	at org.springframework.test.util.AssertionErrors.fail(AssertionErrors.java:61)
	at org.springframework.test.util.AssertionErrors.assertEquals(AssertionErrors.java:128)
	at org.springframework.test.web.servlet.result.StatusResultMatchers.lambda$matcher$9(StatusResultMatchers.java:640)
	at org.springframework.test.web.servlet.MockMvc$1.andExpect(MockMvc.java:214)
	at br.com.cachacaria_gomes.gerenciadorweb.cliente.ClienteControllerTest.createUser_ShouldReturn201Created(ClienteControllerTest.java:60)
	at java.base/java.lang.reflect.Method.invoke(Method.java:580)
	at java.base/java.util.ArrayList.forEach(ArrayList.java:1596)
	at java.base/java.util.ArrayList.forEach(ArrayList.java:1596)
]]></failure>
    <system-out><![CDATA[
MockHttpServletRequest:
      HTTP Method = POST
      Request URI = /clientes/
       Parameters = {}
          Headers = [Content-Type:"application/json;charset=UTF-8", Content-Length:"239"]
             Body = {"cpf":"00011122233","nomeCompleto":null,"usuario":"newuser","rua":null,"numero":null,"bairro":null,"cidade":null,"estado":null,"cep":null,"dataNascimento":"1995-10-29","email":null,"senha":"SenhaSegura1","createdAt":null,"role":"CLIENTE"}
    Session Attrs = {}

Handler:
             Type = br.com.cachacaria_gomes.gerenciadorweb.cliente.ClienteController
           Method = br.com.cachacaria_gomes.gerenciadorweb.cliente.ClienteController#createUser(ClienteModel)

Async:
    Async started = false
     Async result = null

Resolved Exception:
             Type = org.springframework.web.bind.MethodArgumentNotValidException

ModelAndView:
        View name = null
             View = null
            Model = null

FlashMap:
       Attributes = null

MockHttpServletResponse:
           Status = 400
    Error message = null
          Headers = [Content-Type:"text/plain;charset=UTF-8", Content-Length:"208"]
     Content type = text/plain;charset=UTF-8
             Body = O e-mail é obrigatório. O estado é obrigatório. O número é obrigatório. A rua é obrigatória. O nome completo é obrigatório. A cidade é obrigatória. O bairro é obrigatório. O CEP é obrigatório
    Forwarded URL = null
   Redirected URL = null
          Cookies = []
]]></system-out>
  </testcase>
</testsuite>